<?xml version="1.0" encoding="UTF-8"?>
<!-- Generated by org.testng.reporters.JUnitXMLReporter -->
<testsuite ignored="1" hostname="DESKTOP-35AANRJ" failures="0" tests="3" name="XYZbc" time="0.006" errors="0" timestamp="2023-04-11T16:13:38 IST">
  <testcase classname="TestNG.Example1" name="add" time="0.001"/>
  <testcase classname="TestNG.Example1" name="loginthroughmob" time="0.001"/>
  <testcase classname="TestNG.Example1" name="loginthroughphone" time="0.001"/>
  <testcase classname="TestNG.Example1" name="secondTest" time="0.0">
    <ignored/>
  </testcase> <!-- secondTest -->
</testsuite> <!-- XYZbc -->
