<?xml version="1.0" encoding="UTF-8"?>
<testng-results ignored="0" total="2" passed="2" failed="0" skipped="0">
  <reporter-output>
  </reporter-output>
  <suite started-at="2023-04-12T10:52:56 IST" name="Default suite" finished-at="2023-04-12T10:52:56 IST" duration-ms="46">
    <groups>
    </groups>
    <test started-at="2023-04-12T10:52:56 IST" name="Default test" finished-at="2023-04-12T10:52:56 IST" duration-ms="46">
      <class name="TestNG.DataProviders">
        <test-method signature="dataProvExample(java.lang.String,java.lang.String,java.lang.String)[pri:0, instance:TestNG.DataProviders@46fa7c39]" started-at="2023-04-12T10:52:56 IST" name="dataProvExample" data-provider="testDta" finished-at="2023-04-12T10:52:56 IST" duration-ms="8" status="PASS">
          <params>
            <param index="0">
              <value>
                <![CDATA[a]]>
              </value>
            </param>
            <param index="1">
              <value>
                <![CDATA[b]]>
              </value>
            </param>
            <param index="2">
              <value>
                <![CDATA[ab]]>
              </value>
            </param>
          </params>
          <reporter-output>
          </reporter-output>
        </test-method> <!-- dataProvExample -->
        <test-method signature="dataProvExample(java.lang.String,java.lang.String,java.lang.String)[pri:0, instance:TestNG.DataProviders@46fa7c39]" started-at="2023-04-12T10:52:56 IST" name="dataProvExample" data-provider="testDta" finished-at="2023-04-12T10:52:56 IST" duration-ms="1" status="PASS">
          <params>
            <param index="0">
              <value>
                <![CDATA[c]]>
              </value>
            </param>
            <param index="1">
              <value>
                <![CDATA[d]]>
              </value>
            </param>
            <param index="2">
              <value>
                <![CDATA[cd]]>
              </value>
            </param>
          </params>
          <reporter-output>
          </reporter-output>
        </test-method> <!-- dataProvExample -->
      </class> <!-- TestNG.DataProviders -->
    </test> <!-- Default test -->
  </suite> <!-- Default suite -->
</testng-results>
